000 (1199.000.000) 07/10 21:39:18 Job submitted from host: <192.168.55.70:9618?addrs=192.168.55.70-9618&noUDP&sock=2436_78cb_3>
...
001 (1199.000.000) 07/10 21:39:19 Job executing on host: <192.168.55.81:9618?addrs=192.168.55.81-9618&noUDP&sock=3363_5116_3>
...
006 (1199.000.000) 07/10 21:39:27 Image size of job updated: 68936
	66  -  MemoryUsage of job (MB)
	66860  -  ResidentSetSize of job (KB)
...
006 (1199.000.000) 07/10 21:44:27 Image size of job updated: 734432
	66  -  MemoryUsage of job (MB)
	66860  -  ResidentSetSize of job (KB)
...
004 (1199.000.000) 07/10 22:29:21 Job was evicted.
	(0) Job was not checkpointed.
		Usr 0 00:00:04, Sys 0 00:00:02  -  Run Remote Usage
		Usr 0 00:00:00, Sys 0 00:00:00  -  Run Local Usage
	0  -  Run Bytes Sent By Job
	8501486  -  Run Bytes Received By Job
	Partitionable Resources :    Usage  Request Allocated 
	   Cpus                 :        0        1         1 
	   Disk (KB)            :    46008    10000   2421764 
	   Memory (MB)          :       66        1      3022 
...
009 (1199.000.000) 07/10 22:29:21 Job was aborted by the user.
	via condor_rm (by user rajshah)
...
